<?xml version="1.0" encoding="UTF-8"?>
<testsuite xmlns:xsi="http://www.w3.org/2001/XMLSchema-instance" xsi:noNamespaceSchemaLocation="https://maven.apache.org/surefire/maven-surefire-plugin/xsd/surefire-test-report.xsd" name="com.tcs.git.ZeroFollowersTest" time="5.599" tests="3" errors="0" skipped="0" failures="0">
  <properties>
[...]
</properties>
  <testcase name="zeroFollowersWithParam[1][1]" classname="com.tcs.git.ZeroFollowersTest" time="3.047"/>
  <testcase name="zeroFollowersWithOutParam[1][1]" classname="com.tcs.git.ZeroFollowersTest" time="0.21"/>
  <testcase name="zeroFollowersSuccess[1][1]" classname="com.tcs.git.ZeroFollowersTest" time="0.207"/>
</testsuite>